KCores_Component of core 0
X: 0
Y: 0
R: 16.3171
U: 1
Rho: -1
Phi: 0
KCores_Component cardinal: 499
KCores_Component of core 1
X: 0
Y: 0
R: 15.3171
U: 1
Rho: 0
Phi: 1.56451
KCores_Component cardinal: 499
 Host 476, x=0.520925 y=15.3082 rho=15.3171 phi=1.53678
 Host 200, x=15.1854 y=-2.0039 rho=15.3171 phi=-0.131204
 Host 325, x=-15.3001 y=-0.720879 rho=15.3171 phi=3.18867
 Host 498, x=5.28115 y=-14.3779 rho=15.3171 phi=-1.21878
 Host 479, x=15.0322 y=-2.94063 rho=15.3171 phi=6.09
 Host 196, x=5.62657 y=14.2462 rho=15.3171 phi=1.19465
 KCores_Component of core 2
 X: 0
 Y: 0
 R: 14.3171
 U: 1
 Rho: 0
 Phi: 1.56443
 KCores_Component cardinal: 493
  Host 232, x=2.62642 y=14.0741 rho=14.3171 phi=1.38631
  Host 271, x=9.6635 y=10.5639 rho=14.3171 phi=0.829883
  Host 387, x=8.90925 y=11.2073 rho=14.3171 phi=0.899143
  Host 348, x=-12.6883 y=6.63224 rho=14.3171 phi=2.65995
  Host 335, x=10.5514 y=-9.67715 rho=14.3171 phi=-0.742207
  Host 452, x=13.2596 y=5.4001 rho=14.3171 phi=0.386748
  Host 456, x=5.42231 y=13.2506 rho=14.3171 phi=1.18237
  Host 8, x=-11.2396 y=8.86846 rho=14.3171 phi=2.47357
  Host 206, x=12.7171 y=6.57683 rho=14.3171 phi=0.477285
  Host 44, x=-12.8303 y=6.35324 rho=14.3171 phi=2.68181
  Host 223, x=2.06116 y=14.1679 rho=14.3171 phi=1.42633
  Host 1, x=8.74632 y=11.3349 rho=14.3171 phi=0.913599
  Host 53, x=12.322 y=-7.2902 rho=14.3171 phi=-0.53425
  Host 51, x=-1.41284 y=14.2472 rho=14.3171 phi=-4.61355
  Host 273, x=3.28972 y=13.934 rho=14.3171 phi=1.33895
  Host 450, x=14.3104 y=-0.437831 rho=14.3171 phi=-0.0305858
  Host 144, x=0.160197 y=-14.3162 rho=14.3171 phi=4.72358
  Host 90, x=0.763469 y=14.2967 rho=14.3171 phi=1.51745
  Host 108, x=4.60498 y=-13.5563 rho=14.3171 phi=-1.24333
  Host 70, x=11.2583 y=-8.84477 rho=14.3171 phi=5.61727
  Host 180, x=-14.3032 y=0.630074 rho=14.3171 phi=3.09757
  Host 63, x=-5.06248 y=13.3922 rho=14.3171 phi=1.93221
  Host 169, x=14.1965 y=1.85452 rho=14.3171 phi=0.129897
  Host 274, x=0.415822 y=-14.311 rho=14.3171 phi=-1.54175
  Host 446, x=9.03977 y=-11.1023 rho=14.3171 phi=-0.887443
  Host 214, x=13.6233 y=4.40282 rho=14.3171 phi=0.312587
  Host 377, x=11.2255 y=8.88629 rho=14.3171 phi=0.669606
  Host 23, x=-11.5018 y=-8.52572 rho=14.3171 phi=-2.50371
  Host 482, x=9.00837 y=11.1278 rho=14.3171 phi=0.890268
  KCores_Component of core 3
  X: 0
  Y: 0
  R: 13.3171
  U: 1
  Rho: 0
  Phi: 1.5708
  KCores_Component cardinal: 464
   Host 109, x=11.2529 y=-7.12153 rho=13.3171 phi=-0.564231
   Host 230, x=9.69824 y=9.12628 rho=13.3171 phi=0.755024
   Host 477, x=3.56497 y=12.8311 rho=13.3171 phi=1.29979
   Host 347, x=-11.7245 y=6.31507 rho=13.3171 phi=-3.63566
   Host 306, x=10.2138 y=-8.5453 rho=13.3171 phi=-0.696686
   Host 161, x=12.5505 y=-4.45304 rho=13.3171 phi=-0.340953
   Host 79, x=-11.9722 y=5.83192 rho=13.3171 phi=2.6883
   Host 319, x=-12.8633 y=-3.44687 rho=13.3171 phi=-2.87978
   Host 309, x=2.56467 y=13.0678 rho=13.3171 phi=1.377
   Host 469, x=12.7354 y=-3.89277 rho=13.3171 phi=-0.296646
   Host 279, x=-9.80491 y=9.01158 rho=13.3171 phi=2.39833
   Host 496, x=9.02756 y=9.79021 rho=13.3171 phi=0.825904
   Host 83, x=-8.19781 y=10.4948 rho=13.3171 phi=2.23393
   Host 152, x=-12.5567 y=-4.43565 rho=13.3171 phi=3.48116
   Host 177, x=-11.4725 y=6.7621 rho=13.3171 phi=2.60899
   Host 187, x=7.30966 y=-11.1317 rho=13.3171 phi=-0.989757
   Host 75, x=-9.61731 y=9.21152 rho=13.3171 phi=-3.90544
   Host 382, x=-7.55089 y=-10.9695 rho=13.3171 phi=-2.17366
   Host 129, x=12.8109 y=-3.63679 rho=13.3171 phi=-0.276606
   Host 288, x=-13.312 y=0.368082 rho=13.3171 phi=3.11395
   Host 174, x=-5.36865 y=-12.187 rho=13.3171 phi=4.29744
   Host 436, x=-12.7652 y=3.79385 rho=13.3171 phi=2.85271
   Host 12, x=10.0407 y=8.74806 rho=13.3171 phi=0.716706
   Host 497, x=-2.12505 y=13.1464 rho=13.3171 phi=-4.55213
   Host 408, x=6.71124 y=-11.5024 rho=13.3171 phi=-1.04262
   Host 294, x=4.65019 y=-12.4788 rho=13.3171 phi=5.0691
   Host 262, x=-13.3163 y=0.148396 rho=13.3171 phi=-3.15274
   Host 453, x=12.8876 y=-3.35477 rho=13.3171 phi=-0.254658
   Host 395, x=-3.46454 y=-12.8585 rho=13.3171 phi=4.4492
   Host 283, x=-3.63478 y=12.8115 rho=13.3171 phi=1.84725
   Host 58, x=-9.34964 y=-9.4831 rho=13.3171 phi=3.93408
   Host 367, x=-11.486 y=6.73919 rho=13.3171 phi=2.61099
   Host 378, x=-10.4686 y=-8.23118 rho=13.3171 phi=-2.47528
   Host 216, x=-12.8548 y=3.47836 rho=13.3171 phi=-3.40585
   Host 138, x=2.47848 y=-13.0844 rho=13.3171 phi=4.89959
   Host 106, x=1.32951 y=13.2506 rho=13.3171 phi=1.4708
   Host 149, x=4.66215 y=12.4743 rho=13.3171 phi=1.21313
   Host 183, x=12.7963 y=3.6877 rho=13.3171 phi=0.280582
   Host 410, x=0.452905 y=13.3094 rho=13.3171 phi=1.53678
   Host 127, x=5.47773 y=12.1383 rho=13.3171 phi=1.14688
   Host 409, x=11.2859 y=7.06918 rho=13.3171 phi=0.559586
   Host 324, x=9.86924 y=-8.94108 rho=13.3171 phi=5.54709
   Host 110, x=12.6092 y=-4.28409 rho=13.3171 phi=-0.327523
   Host 282, x=13.2964 y=0.7422 rho=13.3171 phi=0.0557618
   Host 130, x=-5.5449 y=-12.1078 rho=13.3171 phi=-2.00025
   Host 297, x=-10.7998 y=7.79158 rho=13.3171 phi=2.51661
   Host 320, x=-5.83137 y=11.9725 rho=13.3171 phi=2.02404
   Host 272, x=-10.6213 y=-8.0332 rho=13.3171 phi=3.78913
   Host 374, x=2.55784 y=-13.0691 rho=13.3171 phi=4.90566
   Host 485, x=6.46988 y=11.6398 rho=13.3171 phi=-5.21971
   Host 105, x=-0.198792 y=-13.3156 rho=13.3171 phi=-1.58572
   Host 65, x=-11.9352 y=-5.90732 rho=13.3171 phi=-2.68199
   Host 311, x=-11.6602 y=6.43312 rho=13.3171 phi=2.63743
   Host 158, x=0.0985391 y=13.3167 rho=13.3171 phi=1.5634
   Host 222, x=6.48389 y=11.632 rho=13.3171 phi=1.06228
   Host 396, x=2.39237 y=13.1004 rho=13.3171 phi=1.39017
   Host 250, x=-12.1943 y=5.35212 rho=13.3171 phi=-3.55518
   Host 371, x=-11.1755 y=7.24247 rho=13.3171 phi=2.56658
   Host 386, x=12.7696 y=-3.77922 rho=13.3171 phi=-0.287741
   Host 228, x=-13.2073 y=1.70633 rho=13.3171 phi=3.01311
   Host 254, x=-13.0758 y=-2.52336 rho=13.3171 phi=3.33223
   Host 291, x=-12.719 y=-3.94625 rho=13.3171 phi=3.44244
   Host 403, x=-7.94906 y=-10.6844 rho=13.3171 phi=-2.21044
   Host 258, x=10.4188 y=8.29417 rho=13.3171 phi=0.672344
   Host 292, x=-13.3137 y=-0.298519 rho=13.3171 phi=3.16401
   KCores_Component of core 4
   X: 0
   Y: 0
   R: 12.3171
   U: 1
   Rho: 0
   Phi: 1.56293
   KCores_Component cardinal: 399
    Host 118, x=10.8259 y=0.321667 rho=10.8307 phi=0.0297039
    Host 188, x=2.89238 y=0.0193953 rho=2.89244 phi=0.00670557
    Host 104, x=1.24625 y=0.0586682 rho=1.24763 phi=0.047041
    Host 170, x=12.3026 y=0.597573 rho=12.3171 phi=0.0485348
    Host 197, x=3.82536 y=0.343033 rho=3.84071 phi=0.089434
    Host 350, x=9.86158 y=0.641431 rho=9.88242 phi=0.0649519
    Host 344, x=6.20454 y=0.766251 rho=6.25168 phi=0.122876
    Host 55, x=7.43625 y=0.724187 rho=7.47143 phi=0.0970799
    Host 247, x=10.4646 y=1.34489 rho=10.5507 phi=0.127817
    Host 295, x=3.13617 y=0.478348 rho=3.17244 phi=0.15136
    Host 362, x=5.61392 y=0.92088 rho=5.68895 phi=0.162587
    Host 471, x=4.25399 y=0.853518 rho=4.33877 phi=0.19801
    Host 440, x=1.98034 y=0.456725 rho=2.03233 phi=0.226666
    Host 178, x=11.4428 y=2.3956 rho=11.6908 phi=0.206374
    Host 151, x=9.73929 y=2.80671 rho=10.1357 phi=0.280582
    Host 48, x=7.24289 y=1.77331 rho=7.45681 phi=0.240111
    Host 454, x=10.8107 y=3.50162 rho=11.3636 phi=0.31324
    Host 308, x=2.25987 y=0.67849 rho=2.35952 phi=0.291672
    Host 233, x=6.76457 y=2.22423 rho=7.12085 phi=0.31767
    Host 201, x=6.21656 y=2.22356 rho=6.60226 phi=0.343504
    Host 243, x=6.87525 y=2.50259 rho=7.31656 phi=0.349092
    Host 239, x=5.96156 y=2.346 rho=6.40655 phi=0.374909
    Host 211, x=7.99891 y=3.19661 rho=8.61399 phi=0.380188
    Host 205, x=4.69453 y=2.01607 rho=5.10913 phi=0.405634
    Host 327, x=8.75186 y=4.10866 rho=9.66831 phi=0.438919
    Host 458, x=3.71191 y=1.63194 rho=4.05482 phi=0.414214
    Host 190, x=10.8139 y=5.50429 rho=12.1342 phi=0.470822
    Host 375, x=1.42865 y=0.695643 rho=1.58901 phi=0.453132
    Host 293, x=4.86699 y=2.50888 rho=5.47558 phi=0.475962
    Host 373, x=7.2317 y=3.96538 rho=8.24753 phi=0.501563
    Host 33, x=10.0562 y=6.14735 rho=11.7863 phi=0.548688
    Host 34, x=5.07037 y=2.82901 rho=5.8062 phi=0.508925
    Host 87, x=3.52434 y=2.18917 rho=4.14891 phi=0.555831
    Host 54, x=8.00519 y=5.25191 rho=9.57422 phi=0.580626
    Host 475, x=5.45971 y=3.62098 rho=6.55134 phi=0.585612
    Host 489, x=5.8724 y=4.11695 rho=7.17178 phi=0.611441
    Host 447, x=5.14398 y=3.65079 rho=6.30784 phi=0.617221
    Host 36, x=5.93434 y=4.44634 rho=7.41527 phi=0.643025
    Host 472, x=9.72741 y=7.55567 rho=12.3171 phi=0.660397
    Host 465, x=0.981507 y=0.764181 rho=1.24392 phi=0.661542
    Host 49, x=7.76765 y=6.26957 rho=9.98218 phi=0.679078
    Host 460, x=2.85292 y=2.41983 rho=3.74095 phi=0.703445
    Host 413, x=11.6608 y=2.39136 rho=11.9035 phi=0.202271
    Host 132, x=5.35897 y=4.86817 rho=7.24 phi=0.737446
    Host 142, x=4.90968 y=4.23388 rho=6.48311 phi=0.711622
    Host 156, x=4.02261 y=3.88619 rho=5.5932 phi=0.768152
    Host 136, x=5.98991 y=5.49696 rho=8.12991 phi=0.74251
    Host 191, x=1.14997 y=1.15929 rho=1.63291 phi=0.789436
    Host 96, x=5.75541 y=6.1115 rho=8.39495 phi=0.815396
    Host 68, x=1.03123 y=1.13106 rho=1.5306 phi=0.831533
    Host 298, x=8.05821 y=9.15011 rho=12.1926 phi=0.848765
    Host 286, x=2.15155 y=2.48034 rho=3.28348 phi=0.856263
    Host 135, x=6.65169 y=8.0462 rho=10.4397 phi=0.879993
    Host 166, x=5.72118 y=6.97735 rho=9.02305 phi=0.884
    Host 147, x=2.88755 y=3.70847 rho=4.70007 phi=0.909219
    Host 5, x=1.89724 y=2.59124 rho=3.21155 phi=0.938801
    Host 404, x=6.40828 y=8.33231 rho=10.5116 phi=0.91519
    Host 121, x=5.21164 y=7.24205 rho=8.92236 phi=0.947014
    Host 340, x=2.70477 y=3.96629 rho=4.80076 phi=0.972294
    Host 391, x=3.44621 y=5.42439 rho=6.42654 phi=1.00481
    Host 302, x=4.07046 y=6.05569 rho=7.29658 phi=0.978993
    Host 431, x=1.60649 y=2.69434 rho=3.13692 phi=1.03314
    Host 491, x=5.63343 y=8.96284 rho=10.5862 phi=1.00966
    Host 424, x=1.03319 y=1.79571 rho=2.07173 phi=1.04869
    Host 414, x=5.60278 y=10.2159 rho=11.6514 phi=1.06915
    Host 115, x=0.899626 y=1.73476 rho=1.95415 phi=1.09239
    Host 20, x=5.62511 y=10.3377 rho=11.769 phi=1.07247
    Host 296, x=2.5668 y=5.44927 rho=6.02354 phi=1.13059
    Host 263, x=3.4593 y=6.87871 rho=7.69957 phi=1.10483
    Host 212, x=3.36121 y=7.78063 rho=8.47561 phi=1.16301
    Host 91, x=2.20323 y=4.76258 rho=5.24751 phi=1.1375
    Host 172, x=3.31699 y=8.39847 rho=9.02977 phi=1.19465
    Host 368, x=1.83356 y=4.32037 rho=4.69335 phi=1.16944
    Host 355, x=3.61155 y=2.18586 rho=4.22153 phi=0.544265
    Host 322, x=1.02142 y=2.65562 rho=2.84528 phi=1.20361
    Host 429, x=3.67156 y=10.2395 rho=10.8779 phi=1.22651
    Host 421, x=2.68251 y=7.58112 rho=8.04172 phi=1.2307
    Host 437, x=1.75707 y=5.40286 rho=5.68139 phi=1.25637
    Host 468, x=3.25956 y=11.2859 rho=11.7472 phi=1.28963
    Host 107, x=0.586208 y=1.88706 rho=1.97602 phi=1.2696
    Host 150, x=0.535168 y=1.93481 rho=2.00746 phi=1.30094
    Host 186, x=2.89484 y=11.3524 rho=11.7157 phi=1.32112
    Host 352, x=0.290881 y=1.23206 rho=1.26593 phi=1.33895
    Host 314, x=2.86857 y=11.9784 rho=12.3171 phi=1.33574
    Host 346, x=2.44874 y=11.2222 rho=11.4862 phi=1.35596
    Host 385, x=0.430589 y=2.19508 rho=2.23691 phi=1.37709
    Host 401, x=1.23623 y=6.71018 rho=6.82311 phi=1.38861
    Host 76, x=1.07441 y=6.81584 rho=6.90001 phi=1.41445
    Host 463, x=0.357169 y=2.4348 rho=2.46085 phi=1.42514
    Host 402, x=1.39031 y=11.1762 rho=11.2623 phi=1.44703
    Host 181, x=1.2019 y=9.95868 rho=10.0309 phi=1.45069
    Host 88, x=0.353172 y=3.67526 rho=3.69219 phi=1.475
    Host 416, x=0.34628 y=4.02834 rho=4.0432 phi=1.48505
    Host 494, x=0.590653 y=9.66189 rho=9.67993 phi=1.50974
    Host 360, x=0.507921 y=8.91982 rho=8.93427 phi=1.51391
    Host 484, x=0.15134 y=4.78645 rho=4.78885 phi=1.53919
    Host 399, x=-0.0156118 y=8.89356 rho=8.89358 phi=1.57255
    Host 341, x=0.113685 y=4.8282 rho=4.82954 phi=1.54725
    Host 480, x=-0.25339 y=7.69622 rho=7.70039 phi=1.60371
    Host 487, x=-0.0431015 y=6.02257 rho=6.02273 phi=1.57795
    Host 248, x=-0.234291 y=6.06231 rho=6.06683 phi=1.60942
    Host 249, x=-0.492665 y=7.64041 rho=7.65628 phi=1.63519
    Host 32, x=-0.919515 y=9.50996 rho=9.55431 phi=1.66719
    Host 72, x=-0.29814 y=4.15813 rho=4.16881 phi=1.64237
    Host 234, x=-1.33358 y=10.3569 rho=10.4424 phi=1.69885
    Host 198, x=-0.341662 y=3.26287 rho=3.28071 phi=1.67513
    Host 423, x=-0.994582 y=6.22893 rho=6.30784 phi=1.72913
    Host 143, x=-0.979876 y=7.35025 rho=7.41528 phi=1.70333
    Host 255, x=-2.23712 y=12.1122 rho=12.3171 phi=1.75344
    Host 265, x=-0.227922 y=1.2791 rho=1.29925 phi=1.74713
    Host 253, x=-0.684625 y=3.08671 rho=3.16172 phi=1.78906
    Host 455, x=-2.04376 y=10.3618 rho=10.5614 phi=1.76554
    Host 356, x=-2.98977 y=11.5041 rho=11.8863 phi=1.82506
    Host 284, x=-0.427636 y=1.78644 rho=1.83691 phi=1.80575
    Host 287, x=-1.52646 y=5.7578 rho=5.9567 phi=1.82995
    Host 238, x=-2.18277 y=7.45337 rho=7.76641 phi=1.85569
    Host 490, x=-3.16288 y=10.6325 rho=11.093 phi=1.85993
    Host 448, x=-0.806135 y=2.50359 rho=2.63017 phi=1.8823
    Host 419, x=-2.41501 y=6.6647 rho=7.08876 phi=1.91844
    Host 412, x=-2.09832 y=6.29378 rho=6.63435 phi=1.8926
    Host 221, x=-3.11895 y=7.81863 rho=8.41777 phi=1.95036
    Host 269, x=-1.83928 y=4.97632 rho=5.30535 phi=1.92483
    Host 290, x=-2.12751 y=4.89852 rho=5.34058 phi=1.98053
    Host 330, x=-3.14181 y=7.77148 rho=8.38253 phi=1.95498
    Host 140, x=-4.01324 y=9.10099 rho=9.94656 phi=1.98611
    Host 467, x=-1.60765 y=3.41729 rho=3.77656 phi=2.01052
    Host 432, x=-2.02109 y=4.1944 rho=4.65594 phi=2.01982
    Host 3, x=-4.14045 y=8.06662 rho=9.06718 phi=2.04501
    Host 13, x=-4.41129 y=7.96615 rho=9.10599 phi=2.07652
    Host 31, x=-2.13437 y=4.09418 rho=4.61713 phi=2.05135
    Host 145, x=-2.60185 y=4.63517 rho=5.31549 phi=2.0823
    Host 102, x=-4.30129 y=7.22407 rho=8.40763 phi=2.10783
    Host 338, x=-2.03859 y=3.2105 rho=3.80305 phi=2.13654
    Host 229, x=-5.11133 y=8.5019 rho=9.92008 phi=2.1121
    Host 84, x=-2.1143 y=3.10926 rho=3.76002 phi=2.16797
    Host 449, x=-5.39977 y=8.37293 rho=9.96311 phi=2.14358
    Host 433, x=-0.717197 y=1.00853 rho=1.23754 phi=2.18895
    Host 113, x=-7.13267 y=10.0417 rho=12.3171 phi=2.1884
    Host 445, x=-5.64494 y=7.22544 rho=9.1691 phi=2.234
    Host 444, x=-2.71265 y=3.65796 rho=4.55402 phi=2.20888
    Host 217, x=-1.98757 y=2.50158 rho=3.19505 phi=2.24219
    Host 470, x=-6.74184 y=8.08629 rho=10.5281 phi=2.26577
    Host 19, x=-5.79981 y=6.90019 rho=9.0139 phi=2.26977
    Host 289, x=-3.12001 y=3.52736 rho=4.70922 phi=2.29499
    Host 47, x=-2.1849 y=2.42061 rho=3.26085 phi=2.30506
    Host 41, x=-7.19216 y=7.59817 rho=10.4623 phi=2.32875
    Host 52, x=-7.92632 y=8.31458 rho=11.4873 phi=2.33229
    Host 82, x=-1.57658 y=1.58534 rho=2.23583 phi=2.35342
    Host 60, x=-1.78893 y=1.74066 rho=2.49604 phi=2.36987
    Host 328, x=-8.21685 y=7.65059 rho=11.2271 phi=2.39187
    Host 78, x=-6.89121 y=6.02729 rho=9.15516 phi=2.42297
    Host 422, x=-3.36171 y=3.09275 rho=4.56796 phi=2.39784
    Host 459, x=-9.14914 y=7.94228 rho=12.1155 phi=2.42669
    Host 495, x=-1.23262 y=1.03207 rho=1.60764 phi=2.44452
    Host 337, x=-2.59723 y=2.0133 rho=3.28618 phi=2.48218
    Host 384, x=-8.09477 y=6.58823 rho=10.437 phi=2.45844
    Host 25, x=-7.545 y=5.43335 rho=9.29776 phi=2.51749
    Host 56, x=-3.52528 y=2.67511 rho=4.42536 phi=2.49246
    Host 81, x=-2.19997 y=1.55343 rho=2.69314 phi=2.52677
    Host 27, x=-9.15124 y=6.15758 rho=11.03 phi=2.54931
    Host 35, x=-5.76611 y=3.63016 rho=6.81367 phi=2.57972
    Host 86, x=-5.75009 y=3.83103 rho=6.90944 phi=2.55387
    Host 256, x=-1.27785 y=0.766938 rho=1.49033 phi=2.60104
    Host 257, x=-10.3809 y=6.47143 rho=12.2329 phi=2.58415
    Host 405, x=-1.78629 y=0.988747 rho=2.04168 phi=2.63605
    Host 486, x=-10.1031 y=5.86377 rho=11.6815 phi=2.61572
    Host 400, x=-10.2246 y=5.51125 rho=11.6154 phi=2.64722
    Host 168, x=-1.87564 y=0.961622 rho=2.10778 phi=2.66784
    Host 38, x=-8.75406 y=4.06855 rho=9.65332 phi=2.70653
    Host 45, x=-3.64715 y=1.80598 rho=4.0698 phi=2.68181
    Host 393, x=-5.17364 y=2.3812 rho=5.69532 phi=2.71024
    Host 315, x=-4.905 y=2.01318 rho=5.30207 phi=2.75212
    Host 89, x=-7.70623 y=3.39529 rho=8.42105 phi=2.72659
    Host 420, x=-3.84547 y=1.54096 rho=4.14273 phi=2.76046
    Host 155, x=-8.97855 y=3.34209 rho=9.58039 phi=2.78525
    Host 215, x=-9.13395 y=3.07597 rho=9.63798 phi=2.81676
    Host 220, x=-3.83808 y=1.39913 rho=4.08515 phi=2.79202
    Host 276, x=-4.40436 y=1.45291 rho=4.63781 phi=2.82295
    Host 133, x=-8.69689 y=2.62808 rho=9.0853 phi=2.84813
    Host 103, x=-3.809 y=1.12191 rho=3.97079 phi=2.85515
    Host 126, x=-9.41998 y=2.52429 rho=9.75234 phi=2.87977
    Host 100, x=-7.79127 y=2.05117 rho=8.05675 phi=2.88417
    Host 148, x=-5.51487 y=1.30151 rho=5.66636 phi=2.90983
    Host 474, x=-6.7729 y=1.37046 rho=6.91016 phi=2.94194
    Host 219, x=-6.64048 y=1.52327 rho=6.81295 phi=2.9161
    Host 277, x=-1.73508 y=0.309198 rho=1.76242 phi=2.96524
    Host 73, x=6.5723 y=6.43422 rho=9.19751 phi=0.774782
    Host 428, x=-3.68829 y=0.516229 rho=3.72424 phi=3.00253
    Host 69, x=-9.86569 y=1.62664 rho=9.99889 phi=2.97818
    Host 2, x=-7.87092 y=0.827979 rho=7.91435 phi=3.03678
    Host 26, x=-5.75936 y=0.755975 rho=5.80876 phi=3.01108
    Host 415, x=-11.8214 y=0.858553 rho=11.8525 phi=3.06909
    Host 98, x=-1.86275 y=0.171839 rho=1.87066 phi=3.0496
    Host 192, x=-10.2528 y=0.708323 rho=10.2772 phi=3.07262
    Host 17, x=-3.44243 y=0.155005 rho=3.44591 phi=3.0966
    Host 57, x=-2.88659 y=0.0421264 rho=2.88689 phi=3.127
    Host 9, x=-10.8286 y=0.407122 rho=10.8362 phi=3.10401
    Host 37, x=-9.29107 y=-0.200099 rho=9.29322 phi=3.16313
    Host 241, x=-4.42987 y=0.0154873 rho=4.4299 phi=3.1381
    Host 227, x=-11.3053 y=-0.286486 rho=11.3089 phi=3.16693
    Host 398, x=-2.41155 y=-0.113622 rho=2.41423 phi=3.18867
    Host 353, x=-3.24079 y=-0.26192 rho=3.25135 phi=3.22224
    Host 435, x=-10.4548 y=-0.596227 rho=10.4718 phi=3.19856
    Host 125, x=-9.473 y=-1.1045 rho=9.53717 phi=3.25766
    Host 189, x=-4.16854 y=-0.38141 rho=4.18595 phi=3.23284
    Host 270, x=-9.84495 y=-1.1877 rho=9.91634 phi=3.26165
    Host 236, x=-3.76711 y=-0.548185 rho=3.80679 phi=3.2861
    Host 93, x=-10.2489 y=-1.85686 rho=10.4158 phi=3.32082
    Host 15, x=-3.26747 y=-0.512104 rho=3.30735 phi=3.29706
    Host 67, x=-8.64392 y=-1.84595 rho=8.83883 phi=3.35199
    Host 334, x=-4.80089 y=-0.898758 rho=4.88429 phi=3.32666
    Host 366, x=-10.573 y=-2.61321 rho=10.8912 phi=3.38389
    Host 157, x=-2.76406 y=-0.616463 rho=2.83197 phi=3.36103
    Host 167, x=-4.10849 y=-1.14161 rho=4.26415 phi=3.41262
    Host 466, x=-9.17389 y=-2.30473 rho=9.45897 phi=3.38773
    Host 29, x=-6.4808 y=-2.03473 rho=6.7927 phi=3.44581
    Host 218, x=-6.66361 y=-1.90444 rho=6.93041 phi=3.41997
    Host 224, x=-8.9189 y=-3.12001 rho=9.44887 phi=3.47811
    Host 332, x=-4.06841 y=-1.31045 rho=4.27425 phi=3.4532
    Host 225, x=-10.7807 y=-3.827 rho=11.4398 phi=3.4827
    Host 339, x=-3.64533 y=-1.31445 rho=3.87507 phi=3.48767
    Host 62, x=-2.05384 y=-0.889337 rho=2.23812 phi=3.55023
    Host 307, x=-10.6335 y=-4.33989 rho=11.485 phi=3.52909
    Host 281, x=-4.17112 y=-1.98718 rho=4.6203 phi=3.58619
    Host 237, x=-8.31379 y=-3.70707 rho=9.10282 phi=3.56103
    Host 321, x=-2.05384 y=-1.04815 rho=2.30583 phi=3.61347
    Host 184, x=-10.2782 y=-4.97126 rho=11.4173 phi=3.59209
    Host 173, x=-7.25349 y=-3.80082 rho=8.18898 phi=3.62425
    Host 163, x=-4.83452 y=-2.69334 rho=5.53414 phi=3.64988
    Host 61, x=-9.53994 y=-5.3809 rho=10.9528 phi=3.65515
    Host 74, x=-2.3814 y=-1.41547 rho=2.77031 phi=3.67787
    Host 117, x=-7.64843 y=-4.77341 rho=9.01576 phi=3.69955
    Host 261, x=-6.36039 y=-4.24012 rho=7.64416 phi=3.72958
    Host 119, x=-5.14325 y=-3.24049 rho=6.07896 phi=3.70381
    Host 343, x=-4.37167 y=-2.95375 rho=5.27599 phi=3.73579
    Host 305, x=-6.87629 y=-4.90617 rho=8.44712 phi=3.76132
    Host 370, x=-8.47368 y=-6.09916 rho=10.4405 phi=3.76547
    Host 364, x=-2.61804 y=-1.98037 rho=3.28268 phi=3.7892
    Host 64, x=-5.32374 y=-4.32434 rho=6.85873 phi=3.82377
    Host 7, x=-5.43818 y=-4.18879 rho=6.86438 phi=3.79793
    Host 179, x=2.47634 y=0.691047 rho=2.57096 phi=0.272136
    Host 159, x=-7.23476 y=-5.93568 rho=9.3581 phi=3.82867
    Host 426, x=-3.3044 y=-2.85208 rho=4.36502 phi=3.85365
    Host 171, x=-1.3904 y=-1.26364 rho=1.87883 phi=3.87927
    Host 122, x=-8.91916 y=-7.79341 rho=11.8443 phi=3.85973
    Host 349, x=-0.987925 y=-0.943118 rho=1.36582 phi=3.90379
    Host 164, x=-8.80268 y=-8.61519 rho=12.317 phi=3.91623
    Host 153, x=-2.47042 y=-2.46868 rho=3.49247 phi=3.92664
    Host 137, x=-7.06076 y=-7.40352 rho=10.2307 phi=3.95068
    Host 213, x=-5.76001 y=-6.09076 rho=8.38303 phi=3.95489
    Host 204, x=-3.56888 y=-3.97236 rho=5.34009 phi=3.98044
    Host 231, x=-4.64024 y=-5.23186 rho=6.99315 phi=3.98685
    Host 457, x=-4.33402 y=-5.14865 rho=6.72996 phi=4.01269
    Host 18, x=-1.30038 y=-1.62581 rho=2.08189 phi=4.03775
    Host 235, x=-7.45628 y=-8.93998 rho=11.6413 phi=4.01724
    Host 210, x=-7.01985 y=-8.97762 rho=11.3963 phi=4.04877
    Host 299, x=-1.39362 y=-1.86333 rho=2.32684 phi=4.07022
    Host 369, x=-2.48409 y=-3.41247 rho=4.22086 phi=4.08315
    Host 372, x=-5.39966 y=-7.81899 rho=9.50226 phi=4.10801
    Host 397, x=-1.42003 y=-2.17546 rho=2.5979 phi=4.13408
    Host 4, x=-6.28723 y=-9.17834 rho=11.1252 phi=4.1118
    Host 16, x=-4.60019 y=-7.19955 rho=8.54373 phi=4.14382
    Host 134, x=-2.67663 y=-4.43415 rho=5.17939 phi=4.1693
    Host 24, x=-2.80154 y=-4.71838 rho=5.48742 phi=4.17658
    Host 318, x=-4.02196 y=-7.18683 rho=8.23569 phi=4.20218
    Host 97, x=-2.79642 y=-5.06451 rho=5.78526 phi=4.20789
    Host 99, x=-3.65709 y=-7.04523 rho=7.93785 phi=4.23359
    Host 478, x=-0.683835 y=-1.3563 rho=1.51894 phi=4.24539
    Host 30, x=-5.71128 y=-2.28832 rho=6.15266 phi=3.52267
    Host 209, x=-5.07873 y=-10.2787 rho=11.4649 phi=4.25347
    Host 207, x=-0.957169 y=-2.04532 rho=2.25821 phi=4.27468
    Host 202, x=-3.78609 y=-8.32131 rho=9.14213 phi=4.2854
    Host 11, x=-1.79174 y=-4.21605 rho=4.58099 phi=4.31053
    Host 46, x=-2.15757 y=-5.5731 rho=5.97616 phi=4.34302
    Host 303, x=-2.98193 y=-7.15006 rho=7.74695 phi=4.31727
    Host 388, x=-0.724521 y=-1.94384 rho=2.07447 phi=4.35561
    Host 365, x=-3.84399 y=-10.9962 rho=11.6487 phi=4.37609
    Host 359, x=-0.492909 y=-1.47665 rho=1.55674 phi=4.39022
    Host 379, x=-3.65038 y=-11.6059 rho=12.1665 phi=4.40766
    Host 304, x=-2.74534 y=-9.78435 rho=10.1622 phi=4.43884
    Host 390, x=-1.04447 y=-3.40431 rho=3.56093 phi=4.4147
    Host 50, x=-0.772246 y=-3.07211 rho=3.16769 phi=4.46612
    Host 71, x=-2.81349 y=-10.1736 rho=10.5555 phi=4.44258
    Host 316, x=-2.38822 y=-10.4199 rho=10.6901 phi=4.48708
    Host 40, x=-2.14217 y=-9.47259 rho=9.71179 phi=4.48999
    Host 43, x=-0.788044 y=-3.93316 rho=4.01133 phi=4.51465
    Host 333, x=-11.7336 y=2.32018 rho=11.9608 phi=2.94637
    Host 313, x=-0.434079 y=-2.5452 rho=2.58195 phi=4.54347
    Host 278, x=-2.11686 y=-10.9382 rho=11.1412 phi=4.52122
    Host 427, x=-1.01028 y=-6.3253 rho=6.40548 phi=4.55401
    Host 267, x=-0.967238 y=-7.25343 rho=7.31764 phi=4.57982
    Host 280, x=-1.21763 y=-9.46939 rho=9.54735 phi=4.5845
    Host 264, x=-0.429618 y=-4.15361 rho=4.17577 phi=4.60932
    Host 389, x=-0.5789 y=-6.06024 rho=6.08783 phi=4.61715
    Host 160, x=-0.529974 y=-7.61687 rho=7.63528 phi=4.64292
    Host 354, x=-0.515914 y=-7.98712 rho=8.00377 phi=4.64789
    Host 329, x=-0.22199 y=-5.71504 rho=5.71935 phi=4.67357
    Host 94, x=-0.189009 y=-5.87971 rho=5.88274 phi=4.68025
    Host 336, x=-0.0502648 y=-7.84021 rho=7.84037 phi=4.70598
    Host 351, x=-0.00688769 y=-6.675 rho=6.675 phi=4.71136
    Host 425, x=0.174817 y=-7.04594 rho=7.04811 phi=-1.54599
    Host 323, x=0.692488 y=-12.0417 rho=12.0616 phi=-1.51335
    Host 301, x=0.0651701 y=-1.66035 rho=1.66163 phi=-1.53157
    Host 139, x=0.605112 y=-9.90649 rho=9.92496 phi=-1.50979
    Host 182, x=0.324124 y=-3.78432 rho=3.79817 phi=-1.48536
    Host 244, x=0.18156 y=-1.78517 rho=1.79438 phi=-1.46944
    Host 66, x=1.43295 y=-11.8424 rho=11.9288 phi=-1.45038
    Host 59, x=0.295498 y=-2.03629 rho=2.05762 phi=-1.42669
    Host 80, x=1.4394 y=-11.5764 rho=11.6655 phi=-1.44709
    Host 92, x=2.00898 y=-10.8387 rho=11.0234 phi=-1.38752
    Host 407, x=0.432046 y=-2.66499 rho=2.69978 phi=-1.41008
    Host 464, x=1.12988 y=-5.93117 rho=6.03783 phi=-1.38255
    Host 438, x=1.63214 y=-7.50997 rho=7.68528 phi=-1.35679
    Host 417, x=0.344653 y=-1.44001 rho=1.48068 phi=-1.33588
    Host 430, x=2.64909 y=-11.9525 rho=12.2425 phi=-1.35269
    Host 342, x=1.24811 y=-4.84968 rho=5.00771 phi=-1.3189
    Host 251, x=2.38584 y=-8.38249 rho=8.71541 phi=-1.29351
    Host 317, x=2.41654 y=-7.97846 rho=8.33639 phi=-1.2767
    Host 383, x=2.54863 y=-7.58061 rho=7.99757 phi=-1.24646
    Host 358, x=1.68463 y=-5.4721 rho=5.72554 phi=-1.27215
    Host 194, x=3.42521 y=-10.0463 rho=10.6141 phi=-1.24221
    Host 461, x=1.07195 y=-2.91837 rho=3.10901 phi=-1.21878
    Host 242, x=3.33912 y=-8.86308 rho=9.47121 phi=-1.2105
    Host 131, x=1.59757 y=-3.94037 rho=4.25191 phi=-1.18561
    Host 124, x=3.82308 y=-9.25631 rho=10.0148 phi=-1.17911
    Host 128, x=1.49861 y=-3.39208 rho=3.70837 phi=-1.15479
    Host 380, x=0.925961 y=-2.01916 rho=2.22135 phi=-1.14082
    Host 376, x=5.01375 y=-10.3515 rho=11.5018 phi=-1.11975
    Host 193, x=4.3387 y=-8.29015 rho=9.35687 phi=-1.08864
    Host 451, x=1.92734 y=-3.91785 rho=4.36626 phi=-1.11362
    Host 326, x=5.26664 y=-9.99179 rho=11.2948 phi=-1.08571
    Host 392, x=0.716206 y=-1.28304 rho=1.4694 phi=-1.06167
    Host 439, x=3.95747 y=-6.53253 rho=7.63777 phi=-1.02612
    Host 268, x=3.01794 y=-5.28426 rho=6.08534 phi=-1.05188
    Host 6, x=1.3222 y=-2.05924 rho=2.44718 phi=-1.00001
    Host 442, x=5.88361 y=-9.61929 rho=11.276 phi=-1.02186
    Host 381, x=3.06777 y=-4.42119 rho=5.38128 phi=-0.964191
    Host 312, x=4.57878 y=-6.97288 rho=8.34184 phi=-0.989757
    Host 120, x=0.910801 y=-1.26873 rho=1.5618 phi=-0.948168
    Host 162, x=7.26379 y=-9.75381 rho=12.1614 phi=-0.930688
    Host 195, x=5.8952 y=-7.85736 rho=9.823 phi=-0.927118
    Host 499, x=2.41649 y=-3.06129 rho=3.90012 phi=-0.902571
    Host 481, x=1.66233 y=-1.98484 rho=2.589 phi=-0.873594
    Host 483, x=6.95718 y=-8.69292 rho=11.1341 phi=-0.895856
    Host 208, x=7.57293 y=-8.89077 rho=11.6788 phi=-0.865273
    Host 434, x=3.7209 y=-4.12083 rho=5.55215 phi=-0.836355
    Host 112, x=2.95017 y=-3.08452 rho=4.26823 phi=-0.807658
    Host 141, x=6.36302 y=-6.99336 rho=9.4549 phi=-0.832557
    Host 114, x=5.52586 y=-5.40269 rho=7.72814 phi=-0.774129
    Host 28, x=4.17726 y=-4.30002 rho=5.99497 phi=-0.799879
    Host 441, x=8.94916 y=-8.46304 rho=12.3171 phi=-0.757487
    Host 473, x=0.910971 y=-0.858274 rho=1.2516 phi=-0.755622
    Host 101, x=6.84522 y=-5.89292 rho=9.03237 phi=-0.710777
    Host 363, x=3.47663 y=-3.149 rho=4.69075 phi=-0.73599
    Host 406, x=3.17882 y=-2.69918 rho=4.17018 phi=-0.703979
    Host 462, x=7.43312 y=-6.00062 rho=9.55294 phi=-0.679166
    Host 443, x=3.0141 y=-2.39825 rho=3.8518 phi=-0.6721
    Host 154, x=7.87268 y=-5.95516 rho=9.87132 phi=-0.647605
    Host 21, x=9.96121 y=-7.24465 rho=12.3171 phi=-0.628805
    Host 361, x=1.00604 y=-0.733612 rho=1.24511 phi=-0.630063
    Host 77, x=1.02824 y=-0.713157 rho=1.25135 phi=-0.606396
    Host 411, x=6.11469 y=-4.14545 rho=7.38744 phi=-0.595773
    Host 259, x=5.33413 y=-3.41875 rho=6.33567 phi=-0.569965
    Host 252, x=5.36801 y=-3.39433 rho=6.35114 phi=-0.56385
    Host 111, x=6.33042 y=-3.7778 rho=7.37197 phi=-0.53804
    Host 246, x=7.19832 y=-4.25881 rho=8.3638 phi=-0.53425
    Host 275, x=2.71504 y=-1.46374 rho=3.08447 phi=-0.494455
    Host 226, x=9.24384 y=-5.26618 rho=10.6387 phi=-0.517839
    Host 285, x=4.72651 y=-2.48798 rho=5.34134 phi=-0.484536
    Host 245, x=7.51428 y=-3.71346 rho=8.38177 phi=-0.458986
    Host 123, x=4.76345 y=-2.31873 rho=5.29783 phi=-0.453012
    Host 176, x=7.66712 y=-3.49295 rho=8.42529 phi=-0.42748
    Host 175, x=5.30428 y=-2.39112 rho=5.81832 phi=-0.423511
    Host 418, x=8.08744 y=-3.48843 rho=8.80772 phi=-0.407228
    Host 493, x=4.56132 y=-1.83181 rho=4.9154 phi=-0.381882
    Host 14, x=7.23062 y=-2.75008 rho=7.73594 phi=-0.363442
    Host 10, x=4.75537 y=-1.727 rho=5.05926 phi=-0.348358
    Host 185, x=3.14899 y=-1.12648 rho=3.34441 phi=-0.343542
    Host 146, x=2.89558 y=-0.983799 rho=3.05814 phi=-0.327523
    Host 300, x=6.2132 y=-1.92667 rho=6.50507 phi=-0.30069
    Host 345, x=9.12685 y=-2.66871 rho=9.50901 phi=-0.284472
    Host 0, x=5.77314 y=-1.67159 rho=6.01028 phi=-0.281838
    Host 85, x=5.79217 y=-1.57867 rho=6.00345 phi=-0.266089
    Host 240, x=2.94934 y=-0.749228 rho=3.04302 phi=-0.24877
    Host 95, x=3.65331 y=-0.778322 rho=3.7353 phi=-0.209908
    Host 116, x=9.71501 y=-2.31848 rho=9.98783 phi=-0.234268
    Host 42, x=2.2579 y=-0.441697 rho=2.3007 phi=-0.193183
    Host 39, x=11.1125 y=-2.10552 rho=11.3102 phi=-0.187253
    Host 357, x=2.37994 y=-0.397544 rho=2.41291 phi=-0.165512
    Host 310, x=3.68019 y=-0.485644 rho=3.71209 phi=-0.131204
    Host 331, x=9.89019 y=-1.55081 rho=10.011 phi=-0.155536
    Host 22, x=7.19115 y=-0.90098 rho=7.24737 phi=-0.124641
    Host 165, x=8.07317 y=-0.774802 rho=8.11026 phi=-0.0956795
    Host 266, x=6.08176 y=-0.403028 rho=6.0951 phi=-0.0661716
    Host 260, x=7.5958 y=-0.700344 rho=7.62802 phi=-0.0919415
    Host 488, x=6.21028 y=-0.303314 rho=6.21768 phi=-0.0488018
    Host 492, x=6.05796 y=-0.200558 rho=6.06128 phi=-0.0330945
    Host 203, x=10.6667 y=-0.32635 rho=10.6717 phi=-0.0305857
    Host 199, x=7.53575 y=-0.108979 rho=7.53654 phi=-0.0144606
