1 196
1 200
1 325
1 476
1 479
1 498
2 1
2 8
2 23
2 44
2 51
2 53
2 63
2 70
2 90
2 108
2 144
2 169
2 180
2 206
2 214
2 223
2 232
2 271
2 273
2 274
2 335
2 348
2 377
2 387
2 446
2 450
2 452
2 456
2 482
3 12
3 58
3 65
3 75
3 79
3 83
3 105
3 106
3 109
3 110
3 127
3 129
3 130
3 138
3 149
3 152
3 158
3 161
3 174
3 177
3 183
3 187
3 216
3 222
3 228
3 230
3 250
3 254
3 258
3 262
3 272
3 279
3 282
3 283
3 288
3 291
3 292
3 294
3 297
3 306
3 309
3 311
3 319
3 320
3 324
3 347
3 367
3 371
3 374
3 378
3 382
3 386
3 395
3 396
3 403
3 408
3 409
3 410
3 436
3 453
3 469
3 477
3 485
3 496
3 497
4 0
4 2
4 3
4 4
4 5
4 6
4 7
4 9
4 10
4 11
4 13
4 14
4 15
4 16
4 17
4 18
4 19
4 20
4 21
4 22
4 24
4 25
4 26
4 27
4 28
4 29
4 30
4 31
4 32
4 33
4 34
4 35
4 36
4 37
4 38
4 39
4 40
4 41
4 42
4 43
4 45
4 46
4 47
4 48
4 49
4 50
4 52
4 54
4 55
4 56
4 57
4 59
4 60
4 61
4 62
4 64
4 66
4 67
4 68
4 69
4 71
4 72
4 73
4 74
4 76
4 77
4 78
4 80
4 81
4 82
4 84
4 85
4 86
4 87
4 88
4 89
4 91
4 92
4 93
4 94
4 95
4 96
4 97
4 98
4 99
4 100
4 101
4 102
4 103
4 104
4 107
4 111
4 112
4 113
4 114
4 115
4 116
4 117
4 118
4 119
4 120
4 121
4 122
4 123
4 124
4 125
4 126
4 128
4 131
4 132
4 133
4 134
4 135
4 136
4 137
4 139
4 140
4 141
4 142
4 143
4 145
4 146
4 147
4 148
4 150
4 151
4 153
4 154
4 155
4 156
4 157
4 159
4 160
4 162
4 163
4 164
4 165
4 166
4 167
4 168
4 170
4 171
4 172
4 173
4 175
4 176
4 178
4 179
4 181
4 182
4 184
4 185
4 186
4 188
4 189
4 190
4 191
4 192
4 193
4 194
4 195
4 197
4 198
4 199
4 201
4 202
4 203
4 204
4 205
4 207
4 208
4 209
4 210
4 211
4 212
4 213
4 215
4 217
4 218
4 219
4 220
4 221
4 224
4 225
4 226
4 227
4 229
4 231
4 233
4 234
4 235
4 236
4 237
4 238
4 239
4 240
4 241
4 242
4 243
4 244
4 245
4 246
4 247
4 248
4 249
4 251
4 252
4 253
4 255
4 256
4 257
4 259
4 260
4 261
4 263
4 264
4 265
4 266
4 267
4 268
4 269
4 270
4 275
4 276
4 277
4 278
4 280
4 281
4 284
4 285
4 286
4 287
4 289
4 290
4 293
4 295
4 296
4 298
4 299
4 300
4 301
4 302
4 303
4 304
4 305
4 307
4 308
4 310
4 312
4 313
4 314
4 315
4 316
4 317
4 318
4 321
4 322
4 323
4 326
4 327
4 328
4 329
4 330
4 331
4 332
4 333
4 334
4 336
4 337
4 338
4 339
4 340
4 341
4 342
4 343
4 344
4 345
4 346
4 349
4 350
4 351
4 352
4 353
4 354
4 355
4 356
4 357
4 358
4 359
4 360
4 361
4 362
4 363
4 364
4 365
4 366
4 368
4 369
4 370
4 372
4 373
4 375
4 376
4 379
4 380
4 381
4 383
4 384
4 385
4 388
4 389
4 390
4 391
4 392
4 393
4 397
4 398
4 399
4 400
4 401
4 402
4 404
4 405
4 406
4 407
4 411
4 412
4 413
4 414
4 415
4 416
4 417
4 418
4 419
4 420
4 421
4 422
4 423
4 424
4 425
4 426
4 427
4 428
4 429
4 430
4 431
4 432
4 433
4 434
4 435
4 437
4 438
4 439
4 440
4 441
4 442
4 443
4 444
4 445
4 447
4 448
4 449
4 451
4 454
4 455
4 457
4 458
4 459
4 460
4 461
4 462
4 463
4 464
4 465
4 466
4 467
4 468
4 470
4 471
4 472
4 473
4 474
4 475
4 478
4 480
4 481
4 483
4 484
4 486
4 487
4 488
4 489
4 490
4 491
4 492
4 493
4 494
4 495
4 499
Starting clique.
	Node 118
	Node 188
Starting clique.
	Node 104
	Node 170
Starting clique.
	Node 197
	Node 350
Starting clique.
	Node 344
	Node 55
Starting clique.
	Node 247
	Node 295
Starting clique.
	Node 362
	Node 471
	Node 413
Starting clique.
	Node 440
	Node 178
Starting clique.
	Node 151
	Node 48
	Node 179
Starting clique.
	Node 454
	Node 308
Starting clique.
	Node 233
	Node 201
Starting clique.
	Node 243
	Node 239
Starting clique.
	Node 211
	Node 205
Starting clique.
	Node 327
	Node 458
Starting clique.
	Node 190
	Node 375
Starting clique.
	Node 293
	Node 373
Starting clique.
	Node 33
	Node 34
	Node 355
Starting clique.
	Node 87
	Node 54
Starting clique.
	Node 475
	Node 489
Starting clique.
	Node 447
	Node 36
Starting clique.
	Node 472
	Node 465
Starting clique.
	Node 49
	Node 460
Starting clique.
	Node 132
	Node 142
Starting clique.
	Node 156
	Node 136
Starting clique.
	Node 191
	Node 96
	Node 73
Starting clique.
	Node 68
	Node 298
Starting clique.
	Node 286
	Node 135
Starting clique.
	Node 166
	Node 147
Starting clique.
	Node 5
	Node 404
Starting clique.
	Node 121
	Node 340
Starting clique.
	Node 391
	Node 302
Starting clique.
	Node 431
	Node 491
Starting clique.
	Node 424
	Node 414
Starting clique.
	Node 115
	Node 20
Starting clique.
	Node 296
	Node 263
Starting clique.
	Node 212
	Node 91
Starting clique.
	Node 172
	Node 368
Starting clique.
	Node 322
	Node 429
Starting clique.
	Node 421
	Node 437
Starting clique.
	Node 468
	Node 107
Starting clique.
	Node 150
	Node 186
Starting clique.
	Node 352
	Node 314
Starting clique.
	Node 346
	Node 385
Starting clique.
	Node 401
	Node 76
Starting clique.
	Node 463
	Node 402
Starting clique.
	Node 181
	Node 88
Starting clique.
	Node 416
	Node 494
Starting clique.
	Node 360
	Node 484
Starting clique.
	Node 399
	Node 341
Starting clique.
	Node 480
	Node 487
Starting clique.
	Node 248
	Node 249
Starting clique.
	Node 32
	Node 72
Starting clique.
	Node 234
	Node 198
Starting clique.
	Node 423
	Node 143
Starting clique.
	Node 255
	Node 265
Starting clique.
	Node 253
	Node 455
Starting clique.
	Node 356
	Node 284
Starting clique.
	Node 287
	Node 238
Starting clique.
	Node 490
	Node 448
Starting clique.
	Node 419
	Node 412
Starting clique.
	Node 221
	Node 269
Starting clique.
	Node 290
	Node 330
Starting clique.
	Node 140
	Node 467
Starting clique.
	Node 432
	Node 3
Starting clique.
	Node 13
	Node 31
Starting clique.
	Node 145
	Node 102
Starting clique.
	Node 338
	Node 229
Starting clique.
	Node 84
	Node 449
Starting clique.
	Node 433
	Node 113
Starting clique.
	Node 445
	Node 444
Starting clique.
	Node 217
	Node 470
Starting clique.
	Node 19
	Node 289
Starting clique.
	Node 47
	Node 41
Starting clique.
	Node 52
	Node 82
Starting clique.
	Node 60
	Node 328
Starting clique.
	Node 78
	Node 422
Starting clique.
	Node 459
	Node 495
Starting clique.
	Node 337
	Node 384
Starting clique.
	Node 25
	Node 56
Starting clique.
	Node 81
	Node 27
Starting clique.
	Node 35
	Node 86
Starting clique.
	Node 256
	Node 257
Starting clique.
	Node 405
	Node 486
Starting clique.
	Node 400
	Node 168
Starting clique.
	Node 38
	Node 45
Starting clique.
	Node 393
Starting clique.
	Node 315
	Node 89
Starting clique.
	Node 420
	Node 155
Starting clique.
	Node 215
	Node 220
Starting clique.
	Node 276
	Node 133
Starting clique.
	Node 103
	Node 126
Starting clique.
	Node 100
	Node 148
Starting clique.
	Node 474
	Node 219
Starting clique.
	Node 277
	Node 333
Starting clique.
	Node 428
	Node 69
Starting clique.
	Node 2
	Node 26
Starting clique.
	Node 415
	Node 98
Starting clique.
	Node 192
	Node 17
Starting clique.
	Node 57
	Node 9
Starting clique.
	Node 37
	Node 241
Starting clique.
	Node 227
	Node 398
Starting clique.
	Node 353
	Node 435
Starting clique.
	Node 125
	Node 189
Starting clique.
	Node 270
	Node 236
Starting clique.
	Node 93
	Node 15
Starting clique.
	Node 67
	Node 334
Starting clique.
	Node 366
	Node 157
Starting clique.
	Node 167
	Node 466
Starting clique.
	Node 29
	Node 218
Starting clique.
	Node 224
	Node 332
Starting clique.
	Node 225
	Node 339
	Node 30
Starting clique.
	Node 62
	Node 307
Starting clique.
	Node 281
	Node 237
Starting clique.
	Node 321
	Node 184
Starting clique.
	Node 173
	Node 163
Starting clique.
	Node 61
	Node 74
Starting clique.
	Node 117
Starting clique.
	Node 261
	Node 119
Starting clique.
	Node 343
	Node 305
Starting clique.
	Node 370
	Node 364
Starting clique.
	Node 64
	Node 7
Starting clique.
	Node 159
	Node 426
Starting clique.
	Node 171
	Node 122
Starting clique.
	Node 349
	Node 164
Starting clique.
	Node 153
	Node 137
Starting clique.
	Node 213
	Node 204
Starting clique.
	Node 231
	Node 457
Starting clique.
	Node 18
	Node 235
Starting clique.
	Node 210
	Node 299
Starting clique.
	Node 369
	Node 372
Starting clique.
	Node 397
	Node 4
Starting clique.
	Node 16
	Node 134
Starting clique.
	Node 24
	Node 318
Starting clique.
	Node 97
	Node 99
Starting clique.
	Node 478
Starting clique.
	Node 209
	Node 207
Starting clique.
	Node 202
	Node 11
Starting clique.
	Node 46
	Node 303
Starting clique.
	Node 388
	Node 365
Starting clique.
	Node 359
	Node 379
Starting clique.
	Node 304
	Node 390
Starting clique.
	Node 50
	Node 71
Starting clique.
	Node 316
Starting clique.
	Node 40
	Node 43
Starting clique.
	Node 313
	Node 278
Starting clique.
	Node 427
	Node 267
Starting clique.
	Node 280
	Node 264
Starting clique.
	Node 389
	Node 160
Starting clique.
	Node 354
	Node 329
Starting clique.
	Node 94
	Node 336
Starting clique.
	Node 351
	Node 425
Starting clique.
	Node 323
	Node 301
Starting clique.
	Node 139
	Node 182
Starting clique.
	Node 244
	Node 66
Starting clique.
	Node 59
	Node 80
Starting clique.
	Node 92
	Node 407
Starting clique.
	Node 464
	Node 438
Starting clique.
	Node 417
	Node 430
Starting clique.
	Node 342
	Node 251
Starting clique.
	Node 317
Starting clique.
	Node 383
	Node 358
Starting clique.
	Node 194
	Node 461
Starting clique.
	Node 242
	Node 131
Starting clique.
	Node 124
	Node 128
Starting clique.
	Node 380
	Node 376
Starting clique.
	Node 193
	Node 451
Starting clique.
	Node 326
Starting clique.
	Node 392
Starting clique.
	Node 439
	Node 268
Starting clique.
	Node 6
	Node 442
Starting clique.
	Node 381
	Node 312
Starting clique.
	Node 120
	Node 162
Starting clique.
	Node 195
	Node 499
Starting clique.
	Node 481
	Node 483
Starting clique.
	Node 208
Starting clique.
	Node 434
Starting clique.
	Node 112
	Node 141
Starting clique.
	Node 114
	Node 28
Starting clique.
	Node 441
	Node 473
Starting clique.
	Node 101
	Node 363
Starting clique.
	Node 406
	Node 462
Starting clique.
	Node 443
	Node 154
Starting clique.
	Node 21
	Node 361
Starting clique.
	Node 77
Starting clique.
	Node 411
	Node 259
Starting clique.
	Node 252
	Node 111
Starting clique.
	Node 246
Starting clique.
	Node 275
	Node 226
Starting clique.
	Node 285
	Node 245
Starting clique.
	Node 123
	Node 176
Starting clique.
	Node 175
Starting clique.
	Node 418
	Node 493
Starting clique.
	Node 14
Starting clique.
	Node 10
Starting clique.
	Node 185
Starting clique.
	Node 146
Starting clique.
	Node 300
Starting clique.
	Node 345
Starting clique.
	Node 0
Starting clique.
	Node 85
Starting clique.
	Node 240
Starting clique.
	Node 95
	Node 116
Starting clique.
	Node 42
Starting clique.
	Node 39
	Node 357
Starting clique.
	Node 310
	Node 331
Starting clique.
	Node 22
Starting clique.
	Node 165
Starting clique.
	Node 266
	Node 260
Starting clique.
	Node 488
Starting clique.
	Node 492
Starting clique.
	Node 203
Starting clique.
	Node 199
