476 0 15
200 15 -2
325 -15 0
498 5 -14
479 15 -2
196 5 14
232 2 14
271 9 10
387 8 11
348 -12 6
335 10 -9
452 13 5
456 5 13
8 -11 8
206 12 6
44 -12 6
223 2 14
1 8 11
53 12 -7
51 -1 14
273 3 13
450 14 0
144 0 -14
90 0 14
108 4 -13
70 11 -8
180 -14 0
63 -5 13
169 14 1
274 0 -14
446 9 -11
214 13 4
377 11 8
23 -11 -8
482 9 11
109 11 -7
230 9 9
477 3 12
347 -11 6
306 10 -8
161 12 -4
79 -11 5
319 -12 -3
309 2 13
469 12 -3
279 -9 9
496 9 9
83 -8 10
152 -12 -4
177 -11 6
187 7 -11
75 -9 9
382 -7 -10
129 12 -3
288 -13 0
174 -5 -12
436 -12 3
12 10 8
497 -2 13
408 6 -11
294 4 -12
262 -13 0
453 12 -3
395 -3 -12
283 -3 12
58 -9 -9
367 -11 6
378 -10 -8
216 -12 3
138 2 -13
106 1 13
149 4 12
183 12 3
410 0 13
127 5 12
409 11 7
324 9 -8
110 12 -4
282 13 0
130 -5 -12
297 -10 7
320 -5 11
272 -10 -8
374 2 -13
485 6 11
105 0 -13
65 -11 -5
311 -11 6
158 0 13
222 6 11
396 2 13
250 -12 5
371 -11 7
386 12 -3
228 -13 1
254 -13 -2
291 -12 -3
403 -7 -10
258 10 8
292 -13 0
118 10 0
188 2 0
104 1 0
170 12 0
197 3 0
350 9 0
344 6 0
55 7 0
247 10 1
295 3 0
362 5 0
471 4 0
440 1 0
178 11 2
151 9 2
48 7 1
454 10 3
308 2 0
233 6 2
201 6 2
243 6 2
239 5 2
211 7 3
205 4 2
327 8 4
458 3 1
190 10 5
375 1 0
293 4 2
373 7 3
33 10 6
34 5 2
87 3 2
54 8 5
475 5 3
489 5 4
447 5 3
36 5 4
472 9 7
465 0 0
49 7 6
460 2 2
413 11 2
132 5 4
142 4 4
156 4 3
136 5 5
191 1 1
96 5 6
68 1 1
298 8 9
286 2 2
135 6 8
166 5 6
147 2 3
5 1 2
404 6 8
121 5 7
340 2 3
391 3 5
302 4 6
431 1 2
491 5 8
424 1 1
414 5 10
115 0 1
20 5 10
296 2 5
263 3 6
212 3 7
91 2 4
172 3 8
368 1 4
355 3 2
322 1 2
429 3 10
421 2 7
437 1 5
468 3 11
107 0 1
150 0 1
186 2 11
352 0 1
314 2 11
346 2 11
385 0 2
401 1 6
76 1 6
463 0 2
402 1 11
181 1 9
88 0 3
416 0 4
494 0 9
360 0 8
484 0 4
399 0 8
341 0 4
480 0 7
487 0 6
248 0 6
249 0 7
32 0 9
72 0 4
234 -1 10
198 0 3
423 0 6
143 0 7
255 -2 12
265 0 1
253 0 3
455 -2 10
356 -2 11
284 0 1
287 -1 5
238 -2 7
490 -3 10
448 0 2
419 -2 6
412 -2 6
221 -3 7
269 -1 4
290 -2 4
330 -3 7
140 -4 9
467 -1 3
432 -2 4
3 -4 8
13 -4 7
31 -2 4
145 -2 4
102 -4 7
338 -2 3
229 -5 8
84 -2 3
449 -5 8
433 0 1
113 -7 10
445 -5 7
444 -2 3
217 -1 2
470 -6 8
19 -5 6
289 -3 3
47 -2 2
41 -7 7
52 -7 8
82 -1 1
60 -1 1
328 -8 7
78 -6 6
422 -3 3
459 -9 7
495 -1 1
337 -2 2
384 -8 6
25 -7 5
56 -3 2
81 -2 1
27 -9 6
35 -5 3
86 -5 3
256 -1 0
257 -10 6
405 -1 0
486 -10 5
400 -10 5
168 -1 0
38 -8 4
45 -3 1
393 -5 2
315 -4 2
89 -7 3
420 -3 1
155 -8 3
215 -9 3
220 -3 1
276 -4 1
133 -8 2
103 -3 1
126 -9 2
100 -7 2
148 -5 1
474 -6 1
219 -6 1
277 -1 0
73 6 6
428 -3 0
69 -9 1
2 -7 0
26 -5 0
415 -11 0
98 -1 0
192 -10 0
17 -3 0
57 -2 0
9 -10 0
37 -9 0
241 -4 0
227 -11 0
398 -2 0
353 -3 0
435 -10 0
125 -9 -1
189 -4 0
270 -9 -1
236 -3 0
93 -10 -1
15 -3 0
67 -8 -1
334 -4 0
366 -10 -2
157 -2 0
167 -4 -1
466 -9 -2
29 -6 -2
218 -6 -1
224 -8 -3
332 -4 -1
225 -10 -3
339 -3 -1
62 -2 0
307 -10 -4
281 -4 -1
237 -8 -3
321 -2 -1
184 -10 -4
173 -7 -3
163 -4 -2
61 -9 -5
74 -2 -1
117 -7 -4
261 -6 -4
119 -5 -3
343 -4 -2
305 -6 -4
370 -8 -6
364 -2 -1
64 -5 -4
7 -5 -4
179 2 0
159 -7 -5
426 -3 -2
171 -1 -1
122 -8 -7
349 0 0
164 -8 -8
153 -2 -2
137 -7 -7
213 -5 -6
204 -3 -3
231 -4 -5
457 -4 -5
18 -1 -1
235 -7 -8
210 -7 -8
299 -1 -1
369 -2 -3
372 -5 -7
397 -1 -2
4 -6 -9
16 -4 -7
134 -2 -4
24 -2 -4
318 -4 -7
97 -2 -5
99 -3 -7
478 0 -1
30 -5 -2
209 -5 -10
207 0 -2
202 -3 -8
11 -1 -4
46 -2 -5
303 -2 -7
388 0 -1
365 -3 -10
359 0 -1
379 -3 -11
304 -2 -9
390 -1 -3
50 0 -3
71 -2 -10
316 -2 -10
40 -2 -9
43 0 -3
333 -11 2
313 0 -2
278 -2 -10
427 -1 -6
267 0 -7
280 -1 -9
264 0 -4
389 0 -6
160 0 -7
354 0 -7
329 0 -5
94 0 -5
336 0 -7
351 0 -6
425 0 -7
323 0 -12
301 0 -1
139 0 -9
182 0 -3
244 0 -1
66 1 -11
59 0 -2
80 1 -11
92 2 -10
407 0 -2
464 1 -5
438 1 -7
417 0 -1
430 2 -11
342 1 -4
251 2 -8
317 2 -7
383 2 -7
358 1 -5
194 3 -10
461 1 -2
242 3 -8
131 1 -3
124 3 -9
128 1 -3
380 0 -2
376 5 -10
193 4 -8
451 1 -3
326 5 -9
392 0 -1
439 3 -6
268 3 -5
6 1 -2
442 5 -9
381 3 -4
312 4 -6
120 0 -1
162 7 -9
195 5 -7
499 2 -3
481 1 -1
483 6 -8
208 7 -8
434 3 -4
112 2 -3
141 6 -6
114 5 -5
28 4 -4
441 8 -8
473 0 0
101 6 -5
363 3 -3
406 3 -2
462 7 -6
443 3 -2
154 7 -5
21 9 -7
361 1 0
77 1 0
411 6 -4
259 5 -3
252 5 -3
111 6 -3
246 7 -4
275 2 -1
226 9 -5
285 4 -2
245 7 -3
123 4 -2
176 7 -3
175 5 -2
418 8 -3
493 4 -1
14 7 -2
10 4 -1
185 3 -1
146 2 0
300 6 -1
345 9 -2
0 5 -1
85 5 -1
240 2 0
95 3 0
116 9 -2
42 2 0
39 11 -2
357 2 0
310 3 0
331 9 -1
22 7 0
165 8 0
266 6 0
260 7 0
488 6 0
492 6 0
203 10 0
199 7 0
